<?xml version="1.0" encoding="UTF-8"?>
<coverage generated="1549301124447" clover="3.2.0">
  <project timestamp="1549301124447" name="All files">
    <metrics statements="20" coveredstatements="19" conditionals="6" coveredconditionals="5" methods="1" coveredmethods="1" elements="27" coveredelements="25" complexity="0" loc="20" ncloc="20" packages="1" files="1" classes="1"/>
    <file name="mondaysInMonth.js" path="/Users/judith/dev/peerigon/testing-exercise/mondaysInMonth.js">
      <metrics statements="20" coveredstatements="19" conditionals="6" coveredconditionals="5" methods="1" coveredmethods="1"/>
      <line num="3" count="1" type="stmt"/>
      <line num="6" count="4" type="stmt"/>
      <line num="8" count="4" type="stmt"/>
      <line num="10" count="4" type="stmt"/>
      <line num="12" count="4" type="cond" truecount="2" falsecount="0"/>
      <line num="13" count="1" type="stmt"/>
      <line num="15" count="3" type="stmt"/>
      <line num="18" count="3" type="stmt"/>
      <line num="20" count="3" type="stmt"/>
      <line num="25" count="3" type="cond" truecount="2" falsecount="0"/>
      <line num="26" count="2" type="stmt"/>
      <line num="28" count="1" type="cond" truecount="1" falsecount="1"/>
      <line num="29" count="1" type="stmt"/>
      <line num="31" count="0" type="stmt"/>
      <line num="34" count="3" type="stmt"/>
      <line num="37" count="3" type="stmt"/>
      <line num="40" count="3" type="stmt"/>
      <line num="41" count="14" type="stmt"/>
      <line num="44" count="3" type="stmt"/>
      <line num="47" count="1" type="stmt"/>
    </file>
  </project>
</coverage>
